build/app/intermediates/manifest_merge_blame_file/debug/processDebugMainManifest/manifest-merger-blame-debug-report.txt
1<?xml version="1.0" encoding="utf-8"?>
2<manifest xmlns:android="http://schemas.android.com/apk/res/android"
3    package="com.example.home_helper"
4    android:versionCode="1"
5    android:versionName="1.0.0" >
6
7    <uses-sdk
8        android:minSdkVersion="23"
9        android:targetSdkVersion="35" />
10    <!--
11         The INTERNET permission is required for development. Specifically,
12         the Flutter tool needs it to communicate with the running application
13         to allow setting breakpoints, to provide hot reload, etc.
14    -->
15    <uses-permission android:name="android.permission.INTERNET" />
15-->src\debug\AndroidManifest.xml:6:5-66
15-->src\debug\AndroidManifest.xml:6:22-64
16    <!--
17     Required to query activities that can process text, see:
18         https://developer.android.com/training/package-visibility and
19         https://developer.android.com/reference/android/content/Intent#ACTION_PROCESS_TEXT.
20
21         In particular, this is used by the Flutter engine in io.flutter.plugin.text.ProcessTextPlugin.
22    -->
23    <queries>
23-->src\main\AndroidManifest.xml:39:5-44:15
24        <intent>
24-->src\main\AndroidManifest.xml:40:9-43:18
25            <action android:name="android.intent.action.PROCESS_TEXT" />
25-->src\main\AndroidManifest.xml:41:13-72
25-->src\main\AndroidManifest.xml:41:21-70
26
27            <data android:mimeType="text/plain" />
27-->src\main\AndroidManifest.xml:42:13-50
27-->src\main\AndroidManifest.xml:42:19-48
28        </intent>
29    </queries>
30
31    <uses-permission android:name="android.permission.ACCESS_NETWORK_STATE" />
31-->[com.google.firebase:firebase-auth:23.2.0] AndroidManifest.xml:26:5-79
31-->[com.google.firebase:firebase-auth:23.2.0] AndroidManifest.xml:26:22-76
32    <uses-permission android:name="com.google.android.providers.gsf.permission.READ_GSERVICES" />
32-->[com.google.android.recaptcha:recaptcha:18.6.1] AndroidManifest.xml:9:5-98
32-->[com.google.android.recaptcha:recaptcha:18.6.1] AndroidManifest.xml:9:22-95
33
34    <permission
34-->[androidx.core:core:1.13.1] AndroidManifest.xml:22:5-24:47
35        android:name="com.example.home_helper.DYNAMIC_RECEIVER_NOT_EXPORTED_PERMISSION"
35-->[androidx.core:core:1.13.1] AndroidManifest.xml:23:9-81
36        android:protectionLevel="signature" />
36-->[androidx.core:core:1.13.1] AndroidManifest.xml:24:9-44
37
38    <uses-permission android:name="com.example.home_helper.DYNAMIC_RECEIVER_NOT_EXPORTED_PERMISSION" />
38-->[androidx.core:core:1.13.1] AndroidManifest.xml:26:5-97
38-->[androidx.core:core:1.13.1] AndroidManifest.xml:26:22-94
39
40    <application
41        android:name="android.app.Application"
42        android:appComponentFactory="androidx.core.app.CoreComponentFactory"
42-->[androidx.core:core:1.13.1] AndroidManifest.xml:28:18-86
43        android:debuggable="true"
44        android:extractNativeLibs="false"
45        android:icon="@mipmap/ic_launcher"
46        android:label="home_helper" >
47        <activity
48            android:name="com.example.home_helper.MainActivity"
49            android:configChanges="orientation|keyboardHidden|keyboard|screenSize|smallestScreenSize|locale|layoutDirection|fontScale|screenLayout|density|uiMode"
50            android:exported="true"
51            android:hardwareAccelerated="true"
52            android:launchMode="singleTop"
53            android:taskAffinity=""
54            android:theme="@style/LaunchTheme"
55            android:windowSoftInputMode="adjustResize" >
56
57            <!--
58                 Specifies an Android theme to apply to this Activity as soon as
59                 the Android process has started. This theme is visible to the user
60                 while the Flutter UI initializes. After that, this theme continues
61                 to determine the Window background behind the Flutter UI.
62            -->
63            <meta-data
64                android:name="io.flutter.embedding.android.NormalTheme"
65                android:resource="@style/NormalTheme" />
66
67            <intent-filter>
68                <action android:name="android.intent.action.MAIN" />
69
70                <category android:name="android.intent.category.LAUNCHER" />
71            </intent-filter>
72        </activity>
73        <!--
74             Don't delete the meta-data below.
75             This is used by the Flutter tool to generate GeneratedPluginRegistrant.java
76        -->
77        <meta-data
78            android:name="flutterEmbedding"
79            android:value="2" />
80
81        <service
81-->[:firebase_auth] AndroidManifest.xml:8:9-12:19
82            android:name="com.google.firebase.components.ComponentDiscoveryService"
82-->[:firebase_auth] AndroidManifest.xml:8:18-89
83            android:directBootAware="true"
83-->[com.google.firebase:firebase-common:21.0.0] AndroidManifest.xml:32:13-43
84            android:exported="false" >
84-->[com.google.firebase:firebase-auth:23.2.0] AndroidManifest.xml:68:13-37
85            <meta-data
85-->[:firebase_auth] AndroidManifest.xml:9:13-11:85
86                android:name="com.google.firebase.components:io.flutter.plugins.firebase.auth.FlutterFirebaseAuthRegistrar"
86-->[:firebase_auth] AndroidManifest.xml:10:17-124
87                android:value="com.google.firebase.components.ComponentRegistrar" />
87-->[:firebase_auth] AndroidManifest.xml:11:17-82
88            <meta-data
88-->[:cloud_firestore] AndroidManifest.xml:9:13-11:85
89                android:name="com.google.firebase.components:io.flutter.plugins.firebase.firestore.FlutterFirebaseFirestoreRegistrar"
89-->[:cloud_firestore] AndroidManifest.xml:10:17-134
90                android:value="com.google.firebase.components.ComponentRegistrar" />
90-->[:cloud_firestore] AndroidManifest.xml:11:17-82
91            <meta-data
91-->[:firebase_storage] AndroidManifest.xml:9:13-11:85
92                android:name="com.google.firebase.components:io.flutter.plugins.firebase.storage.FlutterFirebaseAppRegistrar"
92-->[:firebase_storage] AndroidManifest.xml:10:17-126
93                android:value="com.google.firebase.components.ComponentRegistrar" />
93-->[:firebase_storage] AndroidManifest.xml:11:17-82
94            <meta-data
94-->[:firebase_core] AndroidManifest.xml:9:13-11:85
95                android:name="com.google.firebase.components:io.flutter.plugins.firebase.core.FlutterFirebaseCoreRegistrar"
95-->[:firebase_core] AndroidManifest.xml:10:17-124
96                android:value="com.google.firebase.components.ComponentRegistrar" />
96-->[:firebase_core] AndroidManifest.xml:11:17-82
97            <meta-data
97-->[com.google.firebase:firebase-auth:23.2.0] AndroidManifest.xml:69:13-71:85
98                android:name="com.google.firebase.components:com.google.firebase.auth.FirebaseAuthRegistrar"
98-->[com.google.firebase:firebase-auth:23.2.0] AndroidManifest.xml:70:17-109
99                android:value="com.google.firebase.components.ComponentRegistrar" />
99-->[com.google.firebase:firebase-auth:23.2.0] AndroidManifest.xml:71:17-82
100            <meta-data
100-->[com.google.firebase:firebase-firestore:25.1.3] AndroidManifest.xml:17:13-19:85
101                android:name="com.google.firebase.components:com.google.firebase.firestore.FirebaseFirestoreKtxRegistrar"
101-->[com.google.firebase:firebase-firestore:25.1.3] AndroidManifest.xml:18:17-122
102                android:value="com.google.firebase.components.ComponentRegistrar" />
102-->[com.google.firebase:firebase-firestore:25.1.3] AndroidManifest.xml:19:17-82
103            <meta-data
103-->[com.google.firebase:firebase-firestore:25.1.3] AndroidManifest.xml:20:13-22:85
104                android:name="com.google.firebase.components:com.google.firebase.firestore.FirestoreRegistrar"
104-->[com.google.firebase:firebase-firestore:25.1.3] AndroidManifest.xml:21:17-111
105                android:value="com.google.firebase.components.ComponentRegistrar" />
105-->[com.google.firebase:firebase-firestore:25.1.3] AndroidManifest.xml:22:17-82
106            <meta-data
106-->[com.google.firebase:firebase-storage:21.0.1] AndroidManifest.xml:30:13-32:85
107                android:name="com.google.firebase.components:com.google.firebase.storage.FirebaseStorageKtxRegistrar"
107-->[com.google.firebase:firebase-storage:21.0.1] AndroidManifest.xml:31:17-118
108                android:value="com.google.firebase.components.ComponentRegistrar" />
108-->[com.google.firebase:firebase-storage:21.0.1] AndroidManifest.xml:32:17-82
109            <meta-data
109-->[com.google.firebase:firebase-storage:21.0.1] AndroidManifest.xml:33:13-35:85
110                android:name="com.google.firebase.components:com.google.firebase.storage.StorageRegistrar"
110-->[com.google.firebase:firebase-storage:21.0.1] AndroidManifest.xml:34:17-107
111                android:value="com.google.firebase.components.ComponentRegistrar" />
111-->[com.google.firebase:firebase-storage:21.0.1] AndroidManifest.xml:35:17-82
112            <meta-data
112-->[com.google.firebase:firebase-appcheck:18.0.0] AndroidManifest.xml:25:13-27:85
113                android:name="com.google.firebase.components:com.google.firebase.appcheck.FirebaseAppCheckKtxRegistrar"
113-->[com.google.firebase:firebase-appcheck:18.0.0] AndroidManifest.xml:26:17-120
114                android:value="com.google.firebase.components.ComponentRegistrar" />
114-->[com.google.firebase:firebase-appcheck:18.0.0] AndroidManifest.xml:27:17-82
115            <meta-data
115-->[com.google.firebase:firebase-appcheck:18.0.0] AndroidManifest.xml:28:13-30:85
116                android:name="com.google.firebase.components:com.google.firebase.appcheck.FirebaseAppCheckRegistrar"
116-->[com.google.firebase:firebase-appcheck:18.0.0] AndroidManifest.xml:29:17-117
117                android:value="com.google.firebase.components.ComponentRegistrar" />
117-->[com.google.firebase:firebase-appcheck:18.0.0] AndroidManifest.xml:30:17-82
118            <meta-data
118-->[com.google.firebase:firebase-common-ktx:21.0.0] AndroidManifest.xml:12:13-14:85
119                android:name="com.google.firebase.components:com.google.firebase.ktx.FirebaseCommonLegacyRegistrar"
119-->[com.google.firebase:firebase-common-ktx:21.0.0] AndroidManifest.xml:13:17-116
120                android:value="com.google.firebase.components.ComponentRegistrar" />
120-->[com.google.firebase:firebase-common-ktx:21.0.0] AndroidManifest.xml:14:17-82
121            <meta-data
121-->[com.google.firebase:firebase-common:21.0.0] AndroidManifest.xml:35:13-37:85
122                android:name="com.google.firebase.components:com.google.firebase.FirebaseCommonKtxRegistrar"
122-->[com.google.firebase:firebase-common:21.0.0] AndroidManifest.xml:36:17-109
123                android:value="com.google.firebase.components.ComponentRegistrar" />
123-->[com.google.firebase:firebase-common:21.0.0] AndroidManifest.xml:37:17-82
124        </service>
125
126        <activity
126-->[com.google.firebase:firebase-auth:23.2.0] AndroidManifest.xml:29:9-46:20
127            android:name="com.google.firebase.auth.internal.GenericIdpActivity"
127-->[com.google.firebase:firebase-auth:23.2.0] AndroidManifest.xml:30:13-80
128            android:excludeFromRecents="true"
128-->[com.google.firebase:firebase-auth:23.2.0] AndroidManifest.xml:31:13-46
129            android:exported="true"
129-->[com.google.firebase:firebase-auth:23.2.0] AndroidManifest.xml:32:13-36
130            android:launchMode="singleTask"
130-->[com.google.firebase:firebase-auth:23.2.0] AndroidManifest.xml:33:13-44
131            android:theme="@android:style/Theme.Translucent.NoTitleBar" >
131-->[com.google.firebase:firebase-auth:23.2.0] AndroidManifest.xml:34:13-72
132            <intent-filter>
132-->[com.google.firebase:firebase-auth:23.2.0] AndroidManifest.xml:35:13-45:29
133                <action android:name="android.intent.action.VIEW" />
133-->[com.google.firebase:firebase-auth:23.2.0] AndroidManifest.xml:36:17-69
133-->[com.google.firebase:firebase-auth:23.2.0] AndroidManifest.xml:36:25-66
134
135                <category android:name="android.intent.category.DEFAULT" />
135-->[com.google.firebase:firebase-auth:23.2.0] AndroidManifest.xml:38:17-76
135-->[com.google.firebase:firebase-auth:23.2.0] AndroidManifest.xml:38:27-73
136                <category android:name="android.intent.category.BROWSABLE" />
136-->[com.google.firebase:firebase-auth:23.2.0] AndroidManifest.xml:39:17-78
136-->[com.google.firebase:firebase-auth:23.2.0] AndroidManifest.xml:39:27-75
137
138                <data
138-->src\main\AndroidManifest.xml:42:13-50
139                    android:host="firebase.auth"
140                    android:path="/"
141                    android:scheme="genericidp" />
142            </intent-filter>
143        </activity>
144        <activity
144-->[com.google.firebase:firebase-auth:23.2.0] AndroidManifest.xml:47:9-64:20
145            android:name="com.google.firebase.auth.internal.RecaptchaActivity"
145-->[com.google.firebase:firebase-auth:23.2.0] AndroidManifest.xml:48:13-79
146            android:excludeFromRecents="true"
146-->[com.google.firebase:firebase-auth:23.2.0] AndroidManifest.xml:49:13-46
147            android:exported="true"
147-->[com.google.firebase:firebase-auth:23.2.0] AndroidManifest.xml:50:13-36
148            android:launchMode="singleTask"
148-->[com.google.firebase:firebase-auth:23.2.0] AndroidManifest.xml:51:13-44
149            android:theme="@android:style/Theme.Translucent.NoTitleBar" >
149-->[com.google.firebase:firebase-auth:23.2.0] AndroidManifest.xml:52:13-72
150            <intent-filter>
150-->[com.google.firebase:firebase-auth:23.2.0] AndroidManifest.xml:53:13-63:29
151                <action android:name="android.intent.action.VIEW" />
151-->[com.google.firebase:firebase-auth:23.2.0] AndroidManifest.xml:36:17-69
151-->[com.google.firebase:firebase-auth:23.2.0] AndroidManifest.xml:36:25-66
152
153                <category android:name="android.intent.category.DEFAULT" />
153-->[com.google.firebase:firebase-auth:23.2.0] AndroidManifest.xml:38:17-76
153-->[com.google.firebase:firebase-auth:23.2.0] AndroidManifest.xml:38:27-73
154                <category android:name="android.intent.category.BROWSABLE" />
154-->[com.google.firebase:firebase-auth:23.2.0] AndroidManifest.xml:39:17-78
154-->[com.google.firebase:firebase-auth:23.2.0] AndroidManifest.xml:39:27-75
155
156                <data
156-->src\main\AndroidManifest.xml:42:13-50
157                    android:host="firebase.auth"
158                    android:path="/"
159                    android:scheme="recaptcha" />
160            </intent-filter>
161        </activity>
162
163        <service
163-->[androidx.credentials:credentials-play-services-auth:1.2.0-rc01] AndroidManifest.xml:24:9-32:19
164            android:name="androidx.credentials.playservices.CredentialProviderMetadataHolder"
164-->[androidx.credentials:credentials-play-services-auth:1.2.0-rc01] AndroidManifest.xml:25:13-94
165            android:enabled="true"
165-->[androidx.credentials:credentials-play-services-auth:1.2.0-rc01] AndroidManifest.xml:26:13-35
166            android:exported="false" >
166-->[androidx.credentials:credentials-play-services-auth:1.2.0-rc01] AndroidManifest.xml:27:13-37
167            <meta-data
167-->[androidx.credentials:credentials-play-services-auth:1.2.0-rc01] AndroidManifest.xml:29:13-31:104
168                android:name="androidx.credentials.CREDENTIAL_PROVIDER_KEY"
168-->[androidx.credentials:credentials-play-services-auth:1.2.0-rc01] AndroidManifest.xml:30:17-76
169                android:value="androidx.credentials.playservices.CredentialProviderPlayServicesImpl" />
169-->[androidx.credentials:credentials-play-services-auth:1.2.0-rc01] AndroidManifest.xml:31:17-101
170        </service>
171
172        <activity
172-->[androidx.credentials:credentials-play-services-auth:1.2.0-rc01] AndroidManifest.xml:34:9-41:20
173            android:name="androidx.credentials.playservices.HiddenActivity"
173-->[androidx.credentials:credentials-play-services-auth:1.2.0-rc01] AndroidManifest.xml:35:13-76
174            android:configChanges="orientation|screenSize|screenLayout|keyboardHidden"
174-->[androidx.credentials:credentials-play-services-auth:1.2.0-rc01] AndroidManifest.xml:36:13-87
175            android:enabled="true"
175-->[androidx.credentials:credentials-play-services-auth:1.2.0-rc01] AndroidManifest.xml:37:13-35
176            android:exported="false"
176-->[androidx.credentials:credentials-play-services-auth:1.2.0-rc01] AndroidManifest.xml:38:13-37
177            android:fitsSystemWindows="true"
177-->[androidx.credentials:credentials-play-services-auth:1.2.0-rc01] AndroidManifest.xml:39:13-45
178            android:theme="@style/Theme.Hidden" >
178-->[androidx.credentials:credentials-play-services-auth:1.2.0-rc01] AndroidManifest.xml:40:13-48
179        </activity>
180
181        <provider
181-->[com.google.firebase:firebase-common:21.0.0] AndroidManifest.xml:23:9-28:39
182            android:name="com.google.firebase.provider.FirebaseInitProvider"
182-->[com.google.firebase:firebase-common:21.0.0] AndroidManifest.xml:24:13-77
183            android:authorities="com.example.home_helper.firebaseinitprovider"
183-->[com.google.firebase:firebase-common:21.0.0] AndroidManifest.xml:25:13-72
184            android:directBootAware="true"
184-->[com.google.firebase:firebase-common:21.0.0] AndroidManifest.xml:26:13-43
185            android:exported="false"
185-->[com.google.firebase:firebase-common:21.0.0] AndroidManifest.xml:27:13-37
186            android:initOrder="100" />
186-->[com.google.firebase:firebase-common:21.0.0] AndroidManifest.xml:28:13-36
187
188        <activity
188-->[com.google.android.gms:play-services-auth:20.7.0] AndroidManifest.xml:23:9-27:75
189            android:name="com.google.android.gms.auth.api.signin.internal.SignInHubActivity"
189-->[com.google.android.gms:play-services-auth:20.7.0] AndroidManifest.xml:24:13-93
190            android:excludeFromRecents="true"
190-->[com.google.android.gms:play-services-auth:20.7.0] AndroidManifest.xml:25:13-46
191            android:exported="false"
191-->[com.google.android.gms:play-services-auth:20.7.0] AndroidManifest.xml:26:13-37
192            android:theme="@android:style/Theme.Translucent.NoTitleBar" />
192-->[com.google.android.gms:play-services-auth:20.7.0] AndroidManifest.xml:27:13-72
193        <!--
194            Service handling Google Sign-In user revocation. For apps that do not integrate with
195            Google Sign-In, this service will never be started.
196        -->
197        <service
197-->[com.google.android.gms:play-services-auth:20.7.0] AndroidManifest.xml:33:9-37:51
198            android:name="com.google.android.gms.auth.api.signin.RevocationBoundService"
198-->[com.google.android.gms:play-services-auth:20.7.0] AndroidManifest.xml:34:13-89
199            android:exported="true"
199-->[com.google.android.gms:play-services-auth:20.7.0] AndroidManifest.xml:35:13-36
200            android:permission="com.google.android.gms.auth.api.signin.permission.REVOCATION_NOTIFICATION"
200-->[com.google.android.gms:play-services-auth:20.7.0] AndroidManifest.xml:36:13-107
201            android:visibleToInstantApps="true" />
201-->[com.google.android.gms:play-services-auth:20.7.0] AndroidManifest.xml:37:13-48
202
203        <activity
203-->[com.google.android.gms:play-services-base:18.1.0] AndroidManifest.xml:20:9-22:45
204            android:name="com.google.android.gms.common.api.GoogleApiActivity"
204-->[com.google.android.gms:play-services-base:18.1.0] AndroidManifest.xml:20:19-85
205            android:exported="false"
205-->[com.google.android.gms:play-services-base:18.1.0] AndroidManifest.xml:22:19-43
206            android:theme="@android:style/Theme.Translucent.NoTitleBar" />
206-->[com.google.android.gms:play-services-base:18.1.0] AndroidManifest.xml:21:19-78
207
208        <uses-library
208-->[androidx.window:window:1.2.0] AndroidManifest.xml:23:9-25:40
209            android:name="androidx.window.extensions"
209-->[androidx.window:window:1.2.0] AndroidManifest.xml:24:13-54
210            android:required="false" />
210-->[androidx.window:window:1.2.0] AndroidManifest.xml:25:13-37
211        <uses-library
211-->[androidx.window:window:1.2.0] AndroidManifest.xml:26:9-28:40
212            android:name="androidx.window.sidecar"
212-->[androidx.window:window:1.2.0] AndroidManifest.xml:27:13-51
213            android:required="false" />
213-->[androidx.window:window:1.2.0] AndroidManifest.xml:28:13-37
214
215        <meta-data
215-->[com.google.android.gms:play-services-basement:18.4.0] AndroidManifest.xml:6:9-122
216            android:name="com.google.android.gms.version"
216-->[com.google.android.gms:play-services-basement:18.4.0] AndroidManifest.xml:6:20-65
217            android:value="@integer/google_play_services_version" />
217-->[com.google.android.gms:play-services-basement:18.4.0] AndroidManifest.xml:6:66-119
218
219        <provider
219-->[androidx.lifecycle:lifecycle-process:2.7.0] AndroidManifest.xml:24:9-32:20
220            android:name="androidx.startup.InitializationProvider"
220-->[androidx.lifecycle:lifecycle-process:2.7.0] AndroidManifest.xml:25:13-67
221            android:authorities="com.example.home_helper.androidx-startup"
221-->[androidx.lifecycle:lifecycle-process:2.7.0] AndroidManifest.xml:26:13-68
222            android:exported="false" >
222-->[androidx.lifecycle:lifecycle-process:2.7.0] AndroidManifest.xml:27:13-37
223            <meta-data
223-->[androidx.lifecycle:lifecycle-process:2.7.0] AndroidManifest.xml:29:13-31:52
224                android:name="androidx.lifecycle.ProcessLifecycleInitializer"
224-->[androidx.lifecycle:lifecycle-process:2.7.0] AndroidManifest.xml:30:17-78
225                android:value="androidx.startup" />
225-->[androidx.lifecycle:lifecycle-process:2.7.0] AndroidManifest.xml:31:17-49
226            <meta-data
226-->[androidx.profileinstaller:profileinstaller:1.3.1] AndroidManifest.xml:29:13-31:52
227                android:name="androidx.profileinstaller.ProfileInstallerInitializer"
227-->[androidx.profileinstaller:profileinstaller:1.3.1] AndroidManifest.xml:30:17-85
228                android:value="androidx.startup" />
228-->[androidx.profileinstaller:profileinstaller:1.3.1] AndroidManifest.xml:31:17-49
229        </provider>
230
231        <receiver
231-->[androidx.profileinstaller:profileinstaller:1.3.1] AndroidManifest.xml:34:9-52:20
232            android:name="androidx.profileinstaller.ProfileInstallReceiver"
232-->[androidx.profileinstaller:profileinstaller:1.3.1] AndroidManifest.xml:35:13-76
233            android:directBootAware="false"
233-->[androidx.profileinstaller:profileinstaller:1.3.1] AndroidManifest.xml:36:13-44
234            android:enabled="true"
234-->[androidx.profileinstaller:profileinstaller:1.3.1] AndroidManifest.xml:37:13-35
235            android:exported="true"
235-->[androidx.profileinstaller:profileinstaller:1.3.1] AndroidManifest.xml:38:13-36
236            android:permission="android.permission.DUMP" >
236-->[androidx.profileinstaller:profileinstaller:1.3.1] AndroidManifest.xml:39:13-57
237            <intent-filter>
237-->[androidx.profileinstaller:profileinstaller:1.3.1] AndroidManifest.xml:40:13-42:29
238                <action android:name="androidx.profileinstaller.action.INSTALL_PROFILE" />
238-->[androidx.profileinstaller:profileinstaller:1.3.1] AndroidManifest.xml:41:17-91
238-->[androidx.profileinstaller:profileinstaller:1.3.1] AndroidManifest.xml:41:25-88
239            </intent-filter>
240            <intent-filter>
240-->[androidx.profileinstaller:profileinstaller:1.3.1] AndroidManifest.xml:43:13-45:29
241                <action android:name="androidx.profileinstaller.action.SKIP_FILE" />
241-->[androidx.profileinstaller:profileinstaller:1.3.1] AndroidManifest.xml:44:17-85
241-->[androidx.profileinstaller:profileinstaller:1.3.1] AndroidManifest.xml:44:25-82
242            </intent-filter>
243            <intent-filter>
243-->[androidx.profileinstaller:profileinstaller:1.3.1] AndroidManifest.xml:46:13-48:29
244                <action android:name="androidx.profileinstaller.action.SAVE_PROFILE" />
244-->[androidx.profileinstaller:profileinstaller:1.3.1] AndroidManifest.xml:47:17-88
244-->[androidx.profileinstaller:profileinstaller:1.3.1] AndroidManifest.xml:47:25-85
245            </intent-filter>
246            <intent-filter>
246-->[androidx.profileinstaller:profileinstaller:1.3.1] AndroidManifest.xml:49:13-51:29
247                <action android:name="androidx.profileinstaller.action.BENCHMARK_OPERATION" />
247-->[androidx.profileinstaller:profileinstaller:1.3.1] AndroidManifest.xml:50:17-95
247-->[androidx.profileinstaller:profileinstaller:1.3.1] AndroidManifest.xml:50:25-92
248            </intent-filter>
249        </receiver> <!-- The activities will be merged into the manifest of the hosting app. -->
250        <activity
250-->[com.google.android.play:core-common:2.0.3] AndroidManifest.xml:14:9-18:65
251            android:name="com.google.android.play.core.common.PlayCoreDialogWrapperActivity"
251-->[com.google.android.play:core-common:2.0.3] AndroidManifest.xml:15:13-93
252            android:exported="false"
252-->[com.google.android.play:core-common:2.0.3] AndroidManifest.xml:16:13-37
253            android:stateNotNeeded="true"
253-->[com.google.android.play:core-common:2.0.3] AndroidManifest.xml:17:13-42
254            android:theme="@style/Theme.PlayCore.Transparent" />
254-->[com.google.android.play:core-common:2.0.3] AndroidManifest.xml:18:13-62
255    </application>
256
257</manifest>